<?xml version="1.0" encoding="UTF-8"?>
<!-- Generated by org.testng.reporters.JUnitReportReporter -->
<testsuite hostname="LAPTOP-M50BHIH0" failures="0" tests="2" name="runner.TestRunner" time="12.690" errors="0" timestamp="2024-01-17T18:00:42 IST" skipped="0">
  <testcase classname="runner.TestRunner" name="runScenario" time="7.968"/>
  <system-out/>
  <testcase classname="runner.TestRunner" name="runScenario" time="4.722"/>
  <system-out/>
</testsuite> <!-- runner.TestRunner -->
