<?xml version="1.0" encoding="UTF-8"?>
<!-- Generated by org.testng.reporters.JUnitReportReporter -->
<testsuite hostname="LAPTOP-M50BHIH0" failures="0" tests="2" name="runner.TestRunner" time="16.883" errors="0" timestamp="2024-01-09T19:00:22 IST" skipped="0">
  <testcase classname="runner.TestRunner" name="runScenario" time="11.421"/>
  <system-out/>
  <testcase classname="runner.TestRunner" name="runScenario" time="5.462"/>
  <system-out/>
</testsuite> <!-- runner.TestRunner -->
